#
# There is insufficient memory for the Java Runtime Environment to continue.
# Native memory allocation (mmap) failed to map 536870912 bytes for G1 virtual space
# Possible reasons:
#   The system is out of physical RAM or swap space
#   The process is running with CompressedOops enabled, and the Java Heap may be blocking the growth of the native heap
# Possible solutions:
#   Reduce memory load on the system
#   Increase physical memory or swap space
#   Check if swap backing store is full
#   Decrease Java heap size (-Xmx/-Xms)
#   Decrease number of Java threads
#   Decrease Java thread stack sizes (-Xss)
#   Set larger code cache with -XX:ReservedCodeCacheSize=
#   JVM is running with Zero Based Compressed Oops mode in which the Java heap is
#     placed in the first 32GB address space. The Java Heap base address is the
#     maximum limit for the native heap growth. Please use -XX:HeapBaseMinAddress
#     to set the Java Heap base and to place the Java Heap above 32GB virtual address.
# This output file may be truncated or incomplete.
#
#  Out of Memory Error (os_windows.cpp:3600), pid=10824, tid=70268
#
# JRE version:  (21.0.2+13) (build )
# Java VM: Java HotSpot(TM) 64-Bit Server VM (21.0.2+13-LTS-58, mixed mode, sharing, tiered, compressed oops, compressed class ptrs, g1 gc, windows-amd64)
# No core dump will be written. Minidumps are not enabled by default on client versions of Windows
#

---------------  S U M M A R Y ------------

Command Line: C:\Users\AlexPG\AppData\Local\Temp\surefire3753440568140566544\surefirebooter-20250926013751936_3.jar C:\Users\AlexPG\AppData\Local\Temp\surefire3753440568140566544 2025-09-26T01-37-51_784-jvmRun1 surefire-20250926013751936_1tmp surefire_0-20250926013751936_2tmp

Host: Intel(R) Core(TM) i5-10400F CPU @ 2.90GHz, 12 cores, 31G,  Windows 11 , 64 bit Build 26100 (10.0.26100.4768)
Time: Fri Sep 26 01:37:53 2025 W. Europe Daylight Time elapsed time: 1.090363 seconds (0d 0h 0m 1s)

---------------  T H R E A D  ---------------

Current thread (0x000002f1055d96b0):  JavaThread "Unknown thread" [_thread_in_vm, id=70268, stack(0x000000f63a000000,0x000000f63a100000) (1024K)]

Stack: [0x000000f63a000000,0x000000f63a100000]
Native frames: (J=compiled Java code, j=interpreted, Vv=VM code, C=native code)
V  [jvm.dll+0x6cade9]
V  [jvm.dll+0x8569c1]
V  [jvm.dll+0x858d2e]
V  [jvm.dll+0x859413]
V  [jvm.dll+0x280e56]
V  [jvm.dll+0x6c74d5]
V  [jvm.dll+0x6bbeca]
V  [jvm.dll+0x355bca]
V  [jvm.dll+0x35d816]
V  [jvm.dll+0x3ae67e]
V  [jvm.dll+0x3ae928]
V  [jvm.dll+0x3295dc]
V  [jvm.dll+0x32a16b]
V  [jvm.dll+0x81efa9]
V  [jvm.dll+0x3bba01]
V  [jvm.dll+0x807928]
V  [jvm.dll+0x44f50e]
V  [jvm.dll+0x450e11]
C  [jli.dll+0x52a3]
C  [ucrtbase.dll+0x37b0]
C  [KERNEL32.DLL+0x2e8d7]
C  [ntdll.dll+0x3c34c]


---------------  P R O C E S S  ---------------

Threads class SMR info:
_java_thread_list=0x00007fffb219bb88, length=0, elements={
}

Java Threads: ( => current thread )
Total: 0

Other Threads:
  0x000002f105680390 WorkerThread "GC Thread#0"                     [id=99692, stack(0x000000f63a100000,0x000000f63a200000) (1024K)]
  0x000002f105692130 ConcurrentGCThread "G1 Main Marker"            [id=134848, stack(0x000000f63a200000,0x000000f63a300000) (1024K)]
  0x000002f1056933d0 WorkerThread "G1 Conc#0"                       [id=4676, stack(0x000000f63a300000,0x000000f63a400000) (1024K)]

[error occurred during error reporting (printing all threads), id 0xc0000005, EXCEPTION_ACCESS_VIOLATION (0xc0000005) at pc=0x00007fffb190c6a7]
VM state: not at safepoint (not fully initialized)

VM Mutex/Monitor currently owned by a thread:  ([mutex/lock_event])
[0x00007fffb220ce68] Heap_lock - owner thread: 0x000002f1055d96b0

Heap address: 0x0000000601800000, size: 8168 MB, Compressed Oops mode: Zero based, Oop shift amount: 3

CDS archive(s) mapped at: [0x0000000000000000-0x0000000000000000-0x0000000000000000), size 0, SharedBaseAddress: 0x0000000800000000, ArchiveRelocationMode: 1.
Narrow klass base: 0x0000000000000000, Narrow klass shift: 0, Narrow klass range: 0x0

GC Precious Log:
 CardTable entry size: 512
 Card Set container configuration: InlinePtr #cards 4 size 8 Array Of Cards #cards 32 size 80 Howl #buckets 8 coarsen threshold 7372 Howl Bitmap #cards 1024 size 144 coarsen threshold 921 Card regions per heap region 1 cards per card region 8192

Heap:
 garbage-first heap   total 0K, used 0K [0x0000000601800000, 0x0000000800000000)
  region size 4096K, 0 young (0K), 0 survivors (0K)

[error occurred during error reporting (printing heap information), id 0xc0000005, EXCEPTION_ACCESS_VIOLATION (0xc0000005) at pc=0x00007fffb1cf39f9]
GC Heap History (0 events):
No events

Dll operation events (1 events):
Event: 0.005 Loaded shared library C:\Program Files\Java\jdk-21\bin\java.dll

Deoptimization events (0 events):
No events

Classes loaded (0 events):
No events

Classes unloaded (0 events):
No events

Classes redefined (0 events):
No events

Internal exceptions (0 events):
No events

ZGC Phase Switch (0 events):
No events

VM Operations (0 events):
No events

Events (0 events):
No events


Dynamic libraries:
0x00007ff7e41a0000 - 0x00007ff7e41b0000 	C:\Program Files\Java\jdk-21\bin\java.exe
0x00007ff8978e0000 - 0x00007ff897b47000 	C:\WINDOWS\SYSTEM32\ntdll.dll
0x00007ff896a50000 - 0x00007ff896b19000 	C:\WINDOWS\System32\KERNEL32.DLL
0x00007ff894a40000 - 0x00007ff894e30000 	C:\WINDOWS\System32\KERNELBASE.dll
0x00007ff8950f0000 - 0x00007ff89523b000 	C:\WINDOWS\System32\ucrtbase.dll
0x00007ff88e850000 - 0x00007ff88e869000 	C:\Program Files\Java\jdk-21\bin\jli.dll
0x00007ff8967b0000 - 0x00007ff896864000 	C:\WINDOWS\System32\ADVAPI32.dll
0x00007ff88e810000 - 0x00007ff88e82b000 	C:\Program Files\Java\jdk-21\bin\VCRUNTIME140.dll
0x00007ff896870000 - 0x00007ff896919000 	C:\WINDOWS\System32\msvcrt.dll
0x00007ff895820000 - 0x00007ff8958c6000 	C:\WINDOWS\System32\sechost.dll
0x00007ff897570000 - 0x00007ff897688000 	C:\WINDOWS\System32\RPCRT4.dll
0x00007ff897220000 - 0x00007ff8973e5000 	C:\WINDOWS\System32\USER32.dll
0x00007ff894a10000 - 0x00007ff894a37000 	C:\WINDOWS\System32\win32u.dll
0x00007ff878450000 - 0x00007ff8786ea000 	C:\WINDOWS\WinSxS\amd64_microsoft.windows.common-controls_6595b64144ccf1df_6.0.26100.4768_none_3e0c112ce331287c\COMCTL32.dll
0x00007ff8959d0000 - 0x00007ff8959fb000 	C:\WINDOWS\System32\GDI32.dll
0x00007ff895530000 - 0x00007ff895668000 	C:\WINDOWS\System32\gdi32full.dll
0x00007ff895240000 - 0x00007ff8952e3000 	C:\WINDOWS\System32\msvcp_win.dll
0x00007ff88e090000 - 0x00007ff88e09b000 	C:\WINDOWS\SYSTEM32\VERSION.dll
0x00007ff896020000 - 0x00007ff89604f000 	C:\WINDOWS\System32\IMM32.DLL
0x00007ff88fc50000 - 0x00007ff88fc5c000 	C:\Program Files\Java\jdk-21\bin\vcruntime140_1.dll
0x00007ff874c80000 - 0x00007ff874d0e000 	C:\Program Files\Java\jdk-21\bin\msvcp140.dll
0x00007fffb15d0000 - 0x00007fffb22e7000 	C:\Program Files\Java\jdk-21\bin\server\jvm.dll
0x00007ff895db0000 - 0x00007ff895e24000 	C:\WINDOWS\System32\WS2_32.dll
0x00007ff894870000 - 0x00007ff8948ce000 	C:\WINDOWS\SYSTEM32\POWRPROF.dll
0x00007ff8885d0000 - 0x00007ff888605000 	C:\WINDOWS\SYSTEM32\WINMM.dll
0x00007ff894850000 - 0x00007ff894864000 	C:\WINDOWS\SYSTEM32\UMPDC.dll
0x00007ff893790000 - 0x00007ff8937ab000 	C:\WINDOWS\SYSTEM32\kernel.appcore.dll
0x00007ff88fbe0000 - 0x00007ff88fbea000 	C:\Program Files\Java\jdk-21\bin\jimage.dll
0x00007ff891b40000 - 0x00007ff891d81000 	C:\WINDOWS\SYSTEM32\DBGHELP.DLL
0x00007ff895a20000 - 0x00007ff895da5000 	C:\WINDOWS\System32\combase.dll
0x00007ff897740000 - 0x00007ff897820000 	C:\WINDOWS\System32\OLEAUT32.dll
0x00007ff86e680000 - 0x00007ff86e6c3000 	C:\WINDOWS\SYSTEM32\dbgcore.DLL
0x00007ff894e40000 - 0x00007ff894ed9000 	C:\WINDOWS\System32\bcryptPrimitives.dll
0x00007ff888ab0000 - 0x00007ff888acf000 	C:\Program Files\Java\jdk-21\bin\java.dll

dbghelp: loaded successfully - version: 4.0.5 - missing functions: none
symbol engine: initialized successfully - sym options: 0x614 - pdb path: .;C:\Program Files\Java\jdk-21\bin;C:\WINDOWS\SYSTEM32;C:\WINDOWS\WinSxS\amd64_microsoft.windows.common-controls_6595b64144ccf1df_6.0.26100.4768_none_3e0c112ce331287c;C:\Program Files\Java\jdk-21\bin\server

VM Arguments:
java_command: C:\Users\AlexPG\AppData\Local\Temp\surefire3753440568140566544\surefirebooter-20250926013751936_3.jar C:\Users\AlexPG\AppData\Local\Temp\surefire3753440568140566544 2025-09-26T01-37-51_784-jvmRun1 surefire-20250926013751936_1tmp surefire_0-20250926013751936_2tmp
java_class_path (initial): C:\Users\AlexPG\AppData\Local\Temp\surefire3753440568140566544\surefirebooter-20250926013751936_3.jar
Launcher Type: SUN_STANDARD

[Global flags]
     intx CICompilerCount                          = 4                                         {product} {ergonomic}
     uint ConcGCThreads                            = 3                                         {product} {ergonomic}
     uint G1ConcRefinementThreads                  = 10                                        {product} {ergonomic}
   size_t G1HeapRegionSize                         = 4194304                                   {product} {ergonomic}
    uintx GCDrainStackTargetSize                   = 64                                        {product} {ergonomic}
   size_t InitialHeapSize                          = 536870912                                 {product} {ergonomic}
   size_t MarkStackSize                            = 4194304                                   {product} {ergonomic}
   size_t MaxHeapSize                              = 8564768768                                {product} {ergonomic}
   size_t MinHeapDeltaBytes                        = 4194304                                   {product} {ergonomic}
   size_t MinHeapSize                              = 8388608                                   {product} {ergonomic}
    uintx NonNMethodCodeHeapSize                   = 5839372                                {pd product} {ergonomic}
    uintx NonProfiledCodeHeapSize                  = 122909434                              {pd product} {ergonomic}
    uintx ProfiledCodeHeapSize                     = 122909434                              {pd product} {ergonomic}
    uintx ReservedCodeCacheSize                    = 251658240                              {pd product} {ergonomic}
     bool SegmentedCodeCache                       = true                                      {product} {ergonomic}
   size_t SoftMaxHeapSize                          = 8564768768                             {manageable} {ergonomic}
     bool UseCompressedOops                        = true                           {product lp64_product} {ergonomic}
     bool UseG1GC                                  = true                                      {product} {ergonomic}
     bool UseLargePagesIndividualAllocation        = false                                  {pd product} {ergonomic}

Logging:
Log output configuration:
 #0: stdout all=warning uptime,level,tags foldmultilines=false
 #1: stderr all=off uptime,level,tags foldmultilines=false

Environment Variables:
PATH=C:\Program Files\Common Files\Oracle\Java\javapath;C:\Program Files (x86)\Common Files\Oracle\Java\javapath;C:\Windows\system32;C:\Windows;C:\Windows\System32\Wbem;C:\Windows\System32\WindowsPowerShell\v1.0\;C:\Windows\System32\OpenSSH\;C:\Program Files\Microsoft VS Code\bin;C:\Program Files\dotnet\;C:\Program Files\Tesseract-OCR;C:\Program Files\Microsoft SQL Server\150\Tools\Binn\;C:\Program Files\Microsoft SQL Server\Client SDK\ODBC\170\Tools\Binn\;C:\WINDOWS\system32;C:\WINDOWS;C:\WINDOWS\System32\Wbem;C:\WINDOWS\System32\WindowsPowerShell\v1.0\;C:\WINDOWS\System32\OpenSSH\;C:\Program Files\Git\cmd;C:\Program Files\Java\jre-1.8\bin;C:\Program Files (x86)\NVIDIA Corporation\PhysX\Common;C:\WINDOWS\system32;C:\WINDOWS;C:\WINDOWS\System32\Wbem;C:\WINDOWS\System32\WindowsPowerShell\v1.0\;C:\WINDOWS\System32\OpenSSH\;C:\Program Files\Java\jdk-21\bin\jar.exe;C:\Program Files\Java\jre-1.8\bin\jar.exe;D:\Nodejs\;C:\Program Files\NVIDIA Corporation\NVIDIA App\NvDLISR;C:\Program Files\MySQL\MySQL Shell 8.0\bin\;C:\Users\AlexPG\.cargo\bin;C:\Users\AlexPG\AppData\Local\Microsoft\WindowsApps;C:\Users\AlexPG\.dotnet\tools;C:\Program Files\Java\jre-1.8\bin;C:\Program Files\Java\jre-1.8\bin\jar.exe;C:\Users\AlexPG\AppData\Roaming\npm;C:\Users\AlexPG\AppData\Local\Programs\cursor\resources\app\bin
USERNAME=AlexPG
OS=Windows_NT
PROCESSOR_IDENTIFIER=Intel64 Family 6 Model 165 Stepping 3, GenuineIntel
TMP=C:\Users\AlexPG\AppData\Local\Temp
TEMP=C:\Users\AlexPG\AppData\Local\Temp




Periodic native trim disabled

---------------  S Y S T E M  ---------------

OS:
 Windows 11 , 64 bit Build 26100 (10.0.26100.4768)
OS uptime: 14 days 9:42 hours

CPU: total 12 (initial active 12) (6 cores per cpu, 2 threads per core) family 6 model 165 stepping 3 microcode 0xea, cx8, cmov, fxsr, ht, mmx, 3dnowpref, sse, sse2, sse3, ssse3, sse4.1, sse4.2, popcnt, lzcnt, tsc, tscinvbit, avx, avx2, aes, erms, clmul, bmi1, bmi2, adx, fma, vzeroupper, clflush, clflushopt, rdtscp, f16c
Processor Information for all 12 processors :
  Max Mhz: 2904, Current Mhz: 2904, Mhz Limit: 2904

Memory: 4k page, system-wide physical 32664M (9836M free)
TotalPageFile size 130968M (AvailPageFile size 365M)
current process WorkingSet (physical memory assigned to process): 13M, peak: 13M
current process commit charge ("private bytes"): 64M, peak: 576M

vm_info: Java HotSpot(TM) 64-Bit Server VM (21.0.2+13-LTS-58) for windows-amd64 JRE (21.0.2+13-LTS-58), built on 2024-01-05T18:32:24Z by "mach5one" with MS VC++ 17.1 (VS2022)

END.
